
> opportunity-os@0.1.0 build
> next build

  ▲ Next.js 14.2.35

   Creating an optimized production build ...
 ✓ Compiled successfully
   Skipping validation of types
   Skipping linting
   Collecting page data ...
   Generating static pages (0/7) ...
   Generating static pages (1/7) 
   Generating static pages (3/7) 
   Generating static pages (5/7) 
 ✓ Generating static pages (7/7)
   Finalizing page optimization ...
   Collecting build traces ...

Route (app)                              Size     First Load JS
┌ ○ /                                    90.1 kB         194 kB
├ ○ /_not-found                          873 B          88.2 kB
├ ƒ /api/run-radar                       0 B                0 B
├ ƒ /api/trends                          0 B                0 B
└ ƒ /trend/[id]                          98.4 kB         202 kB
+ First Load JS shared by all            87.3 kB
  ├ chunks/117-af680812fccc7990.js       31.7 kB
  ├ chunks/fd9d1056-12b867d080679414.js  53.6 kB
  └ other shared chunks (total)          1.95 kB


○  (Static)   prerendered as static content
ƒ  (Dynamic)  server-rendered on demand

